07:38:04 **** Incremental Build of configuration Debug for project Mini_Project_4 ****
make all 
Building file: ../ultra_sonic.c
Invoking: AVR Compiler
avr-gcc -Wall -g2 -gstabs -O0 -fpack-struct -fshort-enums -ffunction-sections -fdata-sections -std=gnu99 -funsigned-char -funsigned-bitfields -mmcu=atmega16 -DF_CPU=1000000UL -MMD -MP -MF"ultra_sonic.d" -MT"ultra_sonic.o" -c -o "ultra_sonic.o" "../ultra_sonic.c"
In file included from ../ultra_sonic.c:15:
c:/winavr-20100110/lib/gcc/../../avr/include/util/delay.h:90:3: warning: #warning "Compiler optimizations disabled; functions from <util/delay.h> won't work as designed"
Finished building: ../ultra_sonic.c
 
Building target: Mini_Project_4.elf
Invoking: AVR C Linker
avr-gcc -Wl,-Map,Mini_Project_4.map -mmcu=atmega16 -o "Mini_Project_4.elf"  ./Mini_Project_4.o ./gpio.o ./icu.o ./lcd.o ./ultra_sonic.o   
Finished building target: Mini_Project_4.elf
 
Invoking: AVR Create Extended Listing
avr-objdump -h -S Mini_Project_4.elf  >"Mini_Project_4.lss"
Finished building: Mini_Project_4.lss
 
Invoking: Print Size
avr-size --format=avr --mcu=atmega16 Mini_Project_4.elf
AVR Memory Usage
----------------
Device: atmega16

Program:   11264 bytes (68.8% Full)
(.text + .data + .bootloader)

Data:        285 bytes (27.8% Full)
(.data + .bss + .noinit)


Finished building: sizedummy
 
